{"C:\\Users\\zona3\\projects\\multi-bot-2\\dist\\config\\configService.class.js": {"path":"C:\\Users\\zona3\\projects\\multi-bot-2\\dist\\config\\configService.class.js","all":false,"statementMap":{"0":{"start":{"line":1,"column":0},"end":{"line":1,"column":32}},"1":{"start":{"line":2,"column":0},"end":{"line":2,"column":28}},"2":{"start":{"line":3,"column":0},"end":{"line":3,"column":11}},"3":{"start":{"line":4,"column":0},"end":{"line":4,"column":19}},"4":{"start":{"line":5,"column":0},"end":{"line":5,"column":43}},"5":{"start":{"line":6,"column":0},"end":{"line":6,"column":18}},"6":{"start":{"line":7,"column":0},"end":{"line":7,"column":52}},"7":{"start":{"line":8,"column":0},"end":{"line":8,"column":25}},"8":{"start":{"line":9,"column":0},"end":{"line":9,"column":48}},"9":{"start":{"line":10,"column":0},"end":{"line":10,"column":12}},"10":{"start":{"line":11,"column":0},"end":{"line":11,"column":33}},"11":{"start":{"line":12,"column":0},"end":{"line":12,"column":5}},"12":{"start":{"line":13,"column":0},"end":{"line":13,"column":14}},"13":{"start":{"line":14,"column":0},"end":{"line":14,"column":37}},"14":{"start":{"line":15,"column":0},"end":{"line":15,"column":17}},"15":{"start":{"line":16,"column":0},"end":{"line":16,"column":46}},"16":{"start":{"line":17,"column":0},"end":{"line":17,"column":12}},"17":{"start":{"line":18,"column":0},"end":{"line":18,"column":23}},"18":{"start":{"line":19,"column":0},"end":{"line":19,"column":5}},"19":{"start":{"line":20,"column":0},"end":{"line":20,"column":1}}},"s":{"0":2,"1":2,"2":2,"3":2,"4":2,"5":2,"6":2,"7":2,"8":2,"9":2,"10":2,"11":2,"12":2,"13":10,"14":10,"15":10,"16":10,"17":10,"18":10,"19":2},"branchMap":{"0":{"type":"branch","line":1,"loc":{"start":{"line":1,"column":0},"end":{"line":20,"column":1}},"locations":[{"start":{"line":1,"column":0},"end":{"line":20,"column":1}}]},"1":{"type":"branch","line":2,"loc":{"start":{"line":2,"column":7},"end":{"line":20,"column":1}},"locations":[{"start":{"line":2,"column":7},"end":{"line":20,"column":1}}]},"2":{"type":"branch","line":4,"loc":{"start":{"line":4,"column":4},"end":{"line":12,"column":5}},"locations":[{"start":{"line":4,"column":4},"end":{"line":12,"column":5}}]},"3":{"type":"branch","line":7,"loc":{"start":{"line":7,"column":12},"end":{"line":7,"column":52}},"locations":[{"start":{"line":7,"column":12},"end":{"line":7,"column":52}}]},"4":{"type":"branch","line":9,"loc":{"start":{"line":9,"column":12},"end":{"line":9,"column":48}},"locations":[{"start":{"line":9,"column":12},"end":{"line":9,"column":48}}]},"5":{"type":"branch","line":13,"loc":{"start":{"line":13,"column":4},"end":{"line":19,"column":5}},"locations":[{"start":{"line":13,"column":4},"end":{"line":19,"column":5}}]},"6":{"type":"branch","line":16,"loc":{"start":{"line":16,"column":12},"end":{"line":16,"column":46}},"locations":[{"start":{"line":16,"column":12},"end":{"line":16,"column":46}}]}},"b":{"0":[2],"1":[2],"2":[2],"3":[0],"4":[0],"5":[10],"6":[0]},"fnMap":{"0":{"name":"<instance_members_initializer>","decl":{"start":{"line":2,"column":7},"end":{"line":20,"column":1}},"loc":{"start":{"line":2,"column":7},"end":{"line":20,"column":1}},"line":2},"1":{"name":"ConfigService","decl":{"start":{"line":4,"column":4},"end":{"line":12,"column":5}},"loc":{"start":{"line":4,"column":4},"end":{"line":12,"column":5}},"line":4},"2":{"name":"get","decl":{"start":{"line":13,"column":4},"end":{"line":19,"column":5}},"loc":{"start":{"line":13,"column":4},"end":{"line":19,"column":5}},"line":13}},"f":{"0":2,"1":2,"2":10}}
,"C:\\Users\\zona3\\projects\\multi-bot-2\\dist\\db\\Database.config.js": {"path":"C:\\Users\\zona3\\projects\\multi-bot-2\\dist\\db\\Database.config.js","all":false,"statementMap":{"0":{"start":{"line":1,"column":0},"end":{"line":1,"column":38}},"1":{"start":{"line":2,"column":0},"end":{"line":2,"column":65}},"2":{"start":{"line":3,"column":0},"end":{"line":3,"column":42}},"3":{"start":{"line":4,"column":0},"end":{"line":4,"column":30}},"4":{"start":{"line":5,"column":0},"end":{"line":5,"column":16}},"5":{"start":{"line":6,"column":0},"end":{"line":6,"column":40}},"6":{"start":{"line":7,"column":0},"end":{"line":7,"column":48}},"7":{"start":{"line":8,"column":0},"end":{"line":8,"column":48}},"8":{"start":{"line":9,"column":0},"end":{"line":9,"column":41}},"9":{"start":{"line":10,"column":0},"end":{"line":10,"column":39}},"10":{"start":{"line":11,"column":0},"end":{"line":11,"column":2}},"11":{"start":{"line":12,"column":0},"end":{"line":12,"column":77}},"12":{"start":{"line":13,"column":0},"end":{"line":13,"column":75}},"13":{"start":{"line":14,"column":0},"end":{"line":14,"column":14}},"14":{"start":{"line":15,"column":0},"end":{"line":15,"column":3}},"15":{"start":{"line":16,"column":0},"end":{"line":16,"column":26}},"16":{"start":{"line":17,"column":0},"end":{"line":17,"column":19}},"17":{"start":{"line":18,"column":0},"end":{"line":18,"column":75}},"18":{"start":{"line":19,"column":0},"end":{"line":19,"column":14}},"19":{"start":{"line":20,"column":0},"end":{"line":20,"column":3}},"20":{"start":{"line":21,"column":0},"end":{"line":21,"column":36}},"21":{"start":{"line":22,"column":0},"end":{"line":22,"column":45}},"22":{"start":{"line":23,"column":0},"end":{"line":23,"column":59}},"23":{"start":{"line":24,"column":0},"end":{"line":24,"column":41}},"24":{"start":{"line":25,"column":0},"end":{"line":25,"column":28}}},"s":{"0":2,"1":2,"2":2,"3":2,"4":2,"5":2,"6":2,"7":2,"8":2,"9":2,"10":2,"11":2,"12":0,"13":0,"14":2,"15":2,"16":2,"17":0,"18":0,"19":2,"20":2,"21":2,"22":2,"23":2,"24":2},"branchMap":{"0":{"type":"branch","line":1,"loc":{"start":{"line":1,"column":0},"end":{"line":25,"column":28}},"locations":[{"start":{"line":1,"column":0},"end":{"line":25,"column":28}}]}},"b":{"0":[2]},"fnMap":{},"f":{}}
,"C:\\Users\\zona3\\projects\\multi-bot-2\\dist\\db\\contollers\\SavedPeople.controller.js": {"path":"C:\\Users\\zona3\\projects\\multi-bot-2\\dist\\db\\contollers\\SavedPeople.controller.js","all":false,"statementMap":{"0":{"start":{"line":1,"column":0},"end":{"line":1,"column":51}},"1":{"start":{"line":2,"column":0},"end":{"line":2,"column":97}},"2":{"start":{"line":3,"column":0},"end":{"line":3,"column":45}},"3":{"start":{"line":4,"column":0},"end":{"line":4,"column":103}},"4":{"start":{"line":5,"column":0},"end":{"line":5,"column":102}},"5":{"start":{"line":6,"column":0},"end":{"line":6,"column":29}},"6":{"start":{"line":7,"column":0},"end":{"line":7,"column":16}},"7":{"start":{"line":8,"column":0},"end":{"line":8,"column":26}},"8":{"start":{"line":9,"column":0},"end":{"line":9,"column":70}},"9":{"start":{"line":10,"column":0},"end":{"line":10,"column":10}},"10":{"start":{"line":11,"column":0},"end":{"line":11,"column":7}},"11":{"start":{"line":12,"column":0},"end":{"line":12,"column":12}},"12":{"start":{"line":13,"column":0},"end":{"line":13,"column":21}},"13":{"start":{"line":14,"column":0},"end":{"line":14,"column":26}},"14":{"start":{"line":15,"column":0},"end":{"line":15,"column":23}},"15":{"start":{"line":16,"column":0},"end":{"line":16,"column":6}},"16":{"start":{"line":17,"column":0},"end":{"line":17,"column":1}},"17":{"start":{"line":18,"column":0},"end":{"line":18,"column":45}},"18":{"start":{"line":19,"column":0},"end":{"line":19,"column":75}},"19":{"start":{"line":20,"column":0},"end":{"line":20,"column":25}},"20":{"start":{"line":21,"column":0},"end":{"line":21,"column":29}},"21":{"start":{"line":22,"column":0},"end":{"line":22,"column":16}},"22":{"start":{"line":23,"column":0},"end":{"line":23,"column":26}},"23":{"start":{"line":24,"column":0},"end":{"line":24,"column":70}},"24":{"start":{"line":25,"column":0},"end":{"line":25,"column":10}},"25":{"start":{"line":26,"column":0},"end":{"line":26,"column":7}},"26":{"start":{"line":27,"column":0},"end":{"line":27,"column":12}},"27":{"start":{"line":28,"column":0},"end":{"line":28,"column":21}},"28":{"start":{"line":29,"column":0},"end":{"line":29,"column":23}},"29":{"start":{"line":30,"column":0},"end":{"line":30,"column":6}},"30":{"start":{"line":31,"column":0},"end":{"line":31,"column":1}},"31":{"start":{"line":32,"column":0},"end":{"line":32,"column":56}},"32":{"start":{"line":33,"column":0},"end":{"line":33,"column":106}},"33":{"start":{"line":34,"column":0},"end":{"line":34,"column":25}},"34":{"start":{"line":35,"column":0},"end":{"line":35,"column":29}},"35":{"start":{"line":36,"column":0},"end":{"line":36,"column":16}},"36":{"start":{"line":37,"column":0},"end":{"line":37,"column":26}},"37":{"start":{"line":38,"column":0},"end":{"line":38,"column":70}},"38":{"start":{"line":39,"column":0},"end":{"line":39,"column":10}},"39":{"start":{"line":40,"column":0},"end":{"line":40,"column":7}},"40":{"start":{"line":41,"column":0},"end":{"line":41,"column":12}},"41":{"start":{"line":42,"column":0},"end":{"line":42,"column":19}},"42":{"start":{"line":43,"column":0},"end":{"line":43,"column":49}},"43":{"start":{"line":44,"column":0},"end":{"line":44,"column":58}},"44":{"start":{"line":45,"column":0},"end":{"line":45,"column":6}},"45":{"start":{"line":46,"column":0},"end":{"line":46,"column":1}},"46":{"start":{"line":47,"column":0},"end":{"line":47,"column":46}},"47":{"start":{"line":48,"column":0},"end":{"line":48,"column":92}},"48":{"start":{"line":49,"column":0},"end":{"line":49,"column":25}},"49":{"start":{"line":50,"column":0},"end":{"line":50,"column":29}},"50":{"start":{"line":51,"column":0},"end":{"line":51,"column":16}},"51":{"start":{"line":52,"column":0},"end":{"line":52,"column":26}},"52":{"start":{"line":53,"column":0},"end":{"line":53,"column":70}},"53":{"start":{"line":54,"column":0},"end":{"line":54,"column":10}},"54":{"start":{"line":55,"column":0},"end":{"line":55,"column":7}},"55":{"start":{"line":56,"column":0},"end":{"line":56,"column":12}},"56":{"start":{"line":57,"column":0},"end":{"line":57,"column":19}},"57":{"start":{"line":58,"column":0},"end":{"line":58,"column":49}},"58":{"start":{"line":59,"column":0},"end":{"line":59,"column":60}},"59":{"start":{"line":60,"column":0},"end":{"line":60,"column":6}},"60":{"start":{"line":61,"column":0},"end":{"line":61,"column":1}},"61":{"start":{"line":62,"column":0},"end":{"line":62,"column":68}},"62":{"start":{"line":63,"column":0},"end":{"line":63,"column":63}},"63":{"start":{"line":64,"column":0},"end":{"line":64,"column":27}},"64":{"start":{"line":65,"column":0},"end":{"line":65,"column":67}},"65":{"start":{"line":66,"column":0},"end":{"line":66,"column":109}},"66":{"start":{"line":67,"column":0},"end":{"line":67,"column":5}},"67":{"start":{"line":68,"column":0},"end":{"line":68,"column":27}},"68":{"start":{"line":69,"column":0},"end":{"line":69,"column":44}},"69":{"start":{"line":70,"column":0},"end":{"line":70,"column":1}}},"s":{"0":1,"1":1,"2":2,"3":2,"4":2,"5":0,"6":0,"7":0,"8":0,"9":0,"10":2,"11":2,"12":2,"13":2,"14":2,"15":2,"16":2,"17":1,"18":1,"19":1,"20":0,"21":0,"22":0,"23":0,"24":0,"25":1,"26":1,"27":1,"28":1,"29":1,"30":1,"31":1,"32":2,"33":2,"34":0,"35":0,"36":0,"37":0,"38":0,"39":2,"40":2,"41":2,"42":2,"43":2,"44":2,"45":2,"46":1,"47":1,"48":1,"49":0,"50":0,"51":0,"52":0,"53":0,"54":1,"55":1,"56":1,"57":1,"58":1,"59":1,"60":1,"61":1,"62":1,"63":1,"64":1,"65":2,"66":2,"67":1,"68":1,"69":1},"branchMap":{"0":{"type":"branch","line":1,"loc":{"start":{"line":1,"column":0},"end":{"line":70,"column":1}},"locations":[{"start":{"line":1,"column":0},"end":{"line":70,"column":1}}]},"1":{"type":"branch","line":2,"loc":{"start":{"line":2,"column":7},"end":{"line":17,"column":1}},"locations":[{"start":{"line":2,"column":7},"end":{"line":17,"column":1}}]},"2":{"type":"branch","line":18,"loc":{"start":{"line":18,"column":7},"end":{"line":31,"column":1}},"locations":[{"start":{"line":18,"column":7},"end":{"line":31,"column":1}}]},"3":{"type":"branch","line":32,"loc":{"start":{"line":32,"column":7},"end":{"line":46,"column":1}},"locations":[{"start":{"line":32,"column":7},"end":{"line":46,"column":1}}]},"4":{"type":"branch","line":43,"loc":{"start":{"line":43,"column":34},"end":{"line":43,"column":41}},"locations":[{"start":{"line":43,"column":34},"end":{"line":43,"column":41}}]},"5":{"type":"branch","line":44,"loc":{"start":{"line":44,"column":32},"end":{"line":44,"column":51}},"locations":[{"start":{"line":44,"column":32},"end":{"line":44,"column":51}}]},"6":{"type":"branch","line":47,"loc":{"start":{"line":47,"column":7},"end":{"line":61,"column":1}},"locations":[{"start":{"line":47,"column":7},"end":{"line":61,"column":1}}]},"7":{"type":"branch","line":58,"loc":{"start":{"line":58,"column":34},"end":{"line":58,"column":41}},"locations":[{"start":{"line":58,"column":34},"end":{"line":58,"column":41}}]},"8":{"type":"branch","line":59,"loc":{"start":{"line":59,"column":32},"end":{"line":59,"column":53}},"locations":[{"start":{"line":59,"column":32},"end":{"line":59,"column":53}}]},"9":{"type":"branch","line":62,"loc":{"start":{"line":62,"column":7},"end":{"line":70,"column":1}},"locations":[{"start":{"line":62,"column":7},"end":{"line":70,"column":1}}]},"10":{"type":"branch","line":65,"loc":{"start":{"line":65,"column":66},"end":{"line":67,"column":5}},"locations":[{"start":{"line":65,"column":66},"end":{"line":67,"column":5}}]}},"b":{"0":[1],"1":[2],"2":[1],"3":[2],"4":[0],"5":[0],"6":[1],"7":[0],"8":[0],"9":[1],"10":[2]},"fnMap":{"0":{"name":"addSavedPeople","decl":{"start":{"line":2,"column":7},"end":{"line":17,"column":1}},"loc":{"start":{"line":2,"column":7},"end":{"line":17,"column":1}},"line":2},"1":{"name":"deleteSavedPeople","decl":{"start":{"line":18,"column":7},"end":{"line":31,"column":1}},"loc":{"start":{"line":18,"column":7},"end":{"line":31,"column":1}},"line":18},"2":{"name":"getSavedPeopleByOwnerID","decl":{"start":{"line":32,"column":7},"end":{"line":46,"column":1}},"loc":{"start":{"line":32,"column":7},"end":{"line":46,"column":1}},"line":32},"3":{"name":"getSavedPeopleByID","decl":{"start":{"line":47,"column":7},"end":{"line":61,"column":1}},"loc":{"start":{"line":47,"column":7},"end":{"line":61,"column":1}},"line":47},"4":{"name":"checkDuplicateSavedPeople","decl":{"start":{"line":62,"column":7},"end":{"line":70,"column":1}},"loc":{"start":{"line":62,"column":7},"end":{"line":70,"column":1}},"line":62}},"f":{"0":2,"1":1,"2":2,"3":1,"4":1}}
,"C:\\Users\\zona3\\projects\\multi-bot-2\\dist\\db\\contollers\\User.controller.js": {"path":"C:\\Users\\zona3\\projects\\multi-bot-2\\dist\\db\\contollers\\User.controller.js","all":false,"statementMap":{"0":{"start":{"line":1,"column":0},"end":{"line":1,"column":51}},"1":{"start":{"line":2,"column":0},"end":{"line":2,"column":71}},"2":{"start":{"line":3,"column":0},"end":{"line":3,"column":157}},"3":{"start":{"line":4,"column":0},"end":{"line":4,"column":25}},"4":{"start":{"line":5,"column":0},"end":{"line":5,"column":56}},"5":{"start":{"line":6,"column":0},"end":{"line":6,"column":16}},"6":{"start":{"line":7,"column":0},"end":{"line":7,"column":26}},"7":{"start":{"line":8,"column":0},"end":{"line":8,"column":71}},"8":{"start":{"line":9,"column":0},"end":{"line":9,"column":10}},"9":{"start":{"line":10,"column":0},"end":{"line":10,"column":7}},"10":{"start":{"line":11,"column":0},"end":{"line":11,"column":12}},"11":{"start":{"line":12,"column":0},"end":{"line":12,"column":31}},"12":{"start":{"line":13,"column":0},"end":{"line":13,"column":21}},"13":{"start":{"line":14,"column":0},"end":{"line":14,"column":6}},"14":{"start":{"line":15,"column":0},"end":{"line":15,"column":1}},"15":{"start":{"line":16,"column":0},"end":{"line":16,"column":37}},"16":{"start":{"line":17,"column":0},"end":{"line":17,"column":66}},"17":{"start":{"line":18,"column":0},"end":{"line":18,"column":25}},"18":{"start":{"line":19,"column":0},"end":{"line":19,"column":54}},"19":{"start":{"line":20,"column":0},"end":{"line":20,"column":16}},"20":{"start":{"line":21,"column":0},"end":{"line":21,"column":26}},"21":{"start":{"line":22,"column":0},"end":{"line":22,"column":70}},"22":{"start":{"line":23,"column":0},"end":{"line":23,"column":10}},"23":{"start":{"line":24,"column":0},"end":{"line":24,"column":7}},"24":{"start":{"line":25,"column":0},"end":{"line":25,"column":12}},"25":{"start":{"line":26,"column":0},"end":{"line":26,"column":19}},"26":{"start":{"line":27,"column":0},"end":{"line":27,"column":20}},"27":{"start":{"line":28,"column":0},"end":{"line":28,"column":6}},"28":{"start":{"line":29,"column":0},"end":{"line":29,"column":1}},"29":{"start":{"line":30,"column":0},"end":{"line":30,"column":39}},"30":{"start":{"line":31,"column":0},"end":{"line":31,"column":85}},"31":{"start":{"line":32,"column":0},"end":{"line":32,"column":25}},"32":{"start":{"line":33,"column":0},"end":{"line":33,"column":53}},"33":{"start":{"line":34,"column":0},"end":{"line":34,"column":16}},"34":{"start":{"line":35,"column":0},"end":{"line":35,"column":26}},"35":{"start":{"line":36,"column":0},"end":{"line":36,"column":70}},"36":{"start":{"line":37,"column":0},"end":{"line":37,"column":10}},"37":{"start":{"line":38,"column":0},"end":{"line":38,"column":7}},"38":{"start":{"line":39,"column":0},"end":{"line":39,"column":12}},"39":{"start":{"line":40,"column":0},"end":{"line":40,"column":19}},"40":{"start":{"line":41,"column":0},"end":{"line":41,"column":49}},"41":{"start":{"line":42,"column":0},"end":{"line":42,"column":60}},"42":{"start":{"line":43,"column":0},"end":{"line":43,"column":6}},"43":{"start":{"line":44,"column":0},"end":{"line":44,"column":1}},"44":{"start":{"line":45,"column":0},"end":{"line":45,"column":51}},"45":{"start":{"line":46,"column":0},"end":{"line":46,"column":148}},"46":{"start":{"line":47,"column":0},"end":{"line":47,"column":25}},"47":{"start":{"line":48,"column":0},"end":{"line":48,"column":53}},"48":{"start":{"line":49,"column":0},"end":{"line":49,"column":16}},"49":{"start":{"line":50,"column":0},"end":{"line":50,"column":26}},"50":{"start":{"line":51,"column":0},"end":{"line":51,"column":70}},"51":{"start":{"line":52,"column":0},"end":{"line":52,"column":10}},"52":{"start":{"line":53,"column":0},"end":{"line":53,"column":7}},"53":{"start":{"line":54,"column":0},"end":{"line":54,"column":12}},"54":{"start":{"line":55,"column":0},"end":{"line":55,"column":19}},"55":{"start":{"line":56,"column":0},"end":{"line":56,"column":49}},"56":{"start":{"line":57,"column":0},"end":{"line":57,"column":60}},"57":{"start":{"line":58,"column":0},"end":{"line":58,"column":6}},"58":{"start":{"line":59,"column":0},"end":{"line":59,"column":1}},"59":{"start":{"line":60,"column":0},"end":{"line":60,"column":65}},"60":{"start":{"line":61,"column":0},"end":{"line":61,"column":110}},"61":{"start":{"line":62,"column":0},"end":{"line":62,"column":25}},"62":{"start":{"line":63,"column":0},"end":{"line":63,"column":62}},"63":{"start":{"line":64,"column":0},"end":{"line":64,"column":16}},"64":{"start":{"line":65,"column":0},"end":{"line":65,"column":26}},"65":{"start":{"line":66,"column":0},"end":{"line":66,"column":70}},"66":{"start":{"line":67,"column":0},"end":{"line":67,"column":10}},"67":{"start":{"line":68,"column":0},"end":{"line":68,"column":7}},"68":{"start":{"line":69,"column":0},"end":{"line":69,"column":45}},"69":{"start":{"line":70,"column":0},"end":{"line":70,"column":1}},"70":{"start":{"line":71,"column":0},"end":{"line":71,"column":66}},"71":{"start":{"line":72,"column":0},"end":{"line":72,"column":112}},"72":{"start":{"line":73,"column":0},"end":{"line":73,"column":25}},"73":{"start":{"line":74,"column":0},"end":{"line":74,"column":62}},"74":{"start":{"line":75,"column":0},"end":{"line":75,"column":16}},"75":{"start":{"line":76,"column":0},"end":{"line":76,"column":26}},"76":{"start":{"line":77,"column":0},"end":{"line":77,"column":70}},"77":{"start":{"line":78,"column":0},"end":{"line":78,"column":10}},"78":{"start":{"line":79,"column":0},"end":{"line":79,"column":7}},"79":{"start":{"line":80,"column":0},"end":{"line":80,"column":45}},"80":{"start":{"line":81,"column":0},"end":{"line":81,"column":1}},"81":{"start":{"line":82,"column":0},"end":{"line":82,"column":38}},"82":{"start":{"line":83,"column":0},"end":{"line":83,"column":68}},"83":{"start":{"line":84,"column":0},"end":{"line":84,"column":25}},"84":{"start":{"line":85,"column":0},"end":{"line":85,"column":56}},"85":{"start":{"line":86,"column":0},"end":{"line":86,"column":16}},"86":{"start":{"line":87,"column":0},"end":{"line":87,"column":26}},"87":{"start":{"line":88,"column":0},"end":{"line":88,"column":70}},"88":{"start":{"line":89,"column":0},"end":{"line":89,"column":10}},"89":{"start":{"line":90,"column":0},"end":{"line":90,"column":7}},"90":{"start":{"line":91,"column":0},"end":{"line":91,"column":45}},"91":{"start":{"line":92,"column":0},"end":{"line":92,"column":1}}},"s":{"0":2,"1":2,"2":2,"3":2,"4":0,"5":0,"6":0,"7":0,"8":0,"9":2,"10":2,"11":2,"12":2,"13":2,"14":2,"15":2,"16":1,"17":1,"18":0,"19":0,"20":0,"21":0,"22":0,"23":1,"24":1,"25":1,"26":1,"27":1,"28":1,"29":2,"30":2,"31":2,"32":0,"33":0,"34":0,"35":0,"36":0,"37":2,"38":2,"39":2,"40":2,"41":2,"42":2,"43":2,"44":2,"45":1,"46":1,"47":0,"48":0,"49":0,"50":0,"51":0,"52":1,"53":1,"54":1,"55":1,"56":1,"57":1,"58":1,"59":2,"60":1,"61":1,"62":0,"63":0,"64":0,"65":0,"66":0,"67":1,"68":1,"69":1,"70":2,"71":1,"72":1,"73":0,"74":0,"75":0,"76":0,"77":0,"78":1,"79":1,"80":1,"81":2,"82":2,"83":2,"84":0,"85":0,"86":0,"87":0,"88":0,"89":2,"90":2,"91":2},"branchMap":{"0":{"type":"branch","line":1,"loc":{"start":{"line":1,"column":0},"end":{"line":92,"column":1}},"locations":[{"start":{"line":1,"column":0},"end":{"line":92,"column":1}}]},"1":{"type":"branch","line":2,"loc":{"start":{"line":2,"column":7},"end":{"line":15,"column":1}},"locations":[{"start":{"line":2,"column":7},"end":{"line":15,"column":1}}]},"2":{"type":"branch","line":16,"loc":{"start":{"line":16,"column":7},"end":{"line":29,"column":1}},"locations":[{"start":{"line":16,"column":7},"end":{"line":29,"column":1}}]},"3":{"type":"branch","line":30,"loc":{"start":{"line":30,"column":7},"end":{"line":44,"column":1}},"locations":[{"start":{"line":30,"column":7},"end":{"line":44,"column":1}}]},"4":{"type":"branch","line":41,"loc":{"start":{"line":41,"column":34},"end":{"line":41,"column":41}},"locations":[{"start":{"line":41,"column":34},"end":{"line":41,"column":41}}]},"5":{"type":"branch","line":42,"loc":{"start":{"line":42,"column":32},"end":{"line":42,"column":53}},"locations":[{"start":{"line":42,"column":32},"end":{"line":42,"column":53}}]},"6":{"type":"branch","line":45,"loc":{"start":{"line":45,"column":7},"end":{"line":59,"column":1}},"locations":[{"start":{"line":45,"column":7},"end":{"line":59,"column":1}}]},"7":{"type":"branch","line":56,"loc":{"start":{"line":56,"column":34},"end":{"line":56,"column":41}},"locations":[{"start":{"line":56,"column":34},"end":{"line":56,"column":41}}]},"8":{"type":"branch","line":57,"loc":{"start":{"line":57,"column":32},"end":{"line":57,"column":53}},"locations":[{"start":{"line":57,"column":32},"end":{"line":57,"column":53}}]},"9":{"type":"branch","line":60,"loc":{"start":{"line":60,"column":7},"end":{"line":70,"column":1}},"locations":[{"start":{"line":60,"column":7},"end":{"line":70,"column":1}}]},"10":{"type":"branch","line":71,"loc":{"start":{"line":71,"column":7},"end":{"line":81,"column":1}},"locations":[{"start":{"line":71,"column":7},"end":{"line":81,"column":1}}]},"11":{"type":"branch","line":82,"loc":{"start":{"line":82,"column":7},"end":{"line":92,"column":1}},"locations":[{"start":{"line":82,"column":7},"end":{"line":92,"column":1}}]}},"b":{"0":[2],"1":[2],"2":[1],"3":[2],"4":[0],"5":[0],"6":[1],"7":[0],"8":[0],"9":[1],"10":[1],"11":[2]},"fnMap":{"0":{"name":"createUser","decl":{"start":{"line":2,"column":7},"end":{"line":15,"column":1}},"loc":{"start":{"line":2,"column":7},"end":{"line":15,"column":1}},"line":2},"1":{"name":"getAllUsers","decl":{"start":{"line":16,"column":7},"end":{"line":29,"column":1}},"loc":{"start":{"line":16,"column":7},"end":{"line":29,"column":1}},"line":16},"2":{"name":"getUserByID","decl":{"start":{"line":30,"column":7},"end":{"line":44,"column":1}},"loc":{"start":{"line":30,"column":7},"end":{"line":44,"column":1}},"line":30},"3":{"name":"getUserByUsername","decl":{"start":{"line":45,"column":7},"end":{"line":59,"column":1}},"loc":{"start":{"line":45,"column":7},"end":{"line":59,"column":1}},"line":45},"4":{"name":"updateTGUsername","decl":{"start":{"line":60,"column":7},"end":{"line":70,"column":1}},"loc":{"start":{"line":60,"column":7},"end":{"line":70,"column":1}},"line":60},"5":{"name":"updateVKUsername","decl":{"start":{"line":71,"column":7},"end":{"line":81,"column":1}},"loc":{"start":{"line":71,"column":7},"end":{"line":81,"column":1}},"line":71},"6":{"name":"deleteUser","decl":{"start":{"line":82,"column":7},"end":{"line":92,"column":1}},"loc":{"start":{"line":82,"column":7},"end":{"line":92,"column":1}},"line":82}},"f":{"0":2,"1":1,"2":2,"3":1,"4":1,"5":1,"6":2}}
,"C:\\Users\\zona3\\projects\\multi-bot-2\\dist\\server\\QueueOfRequests\\classes\\QueueManager.abstract.js": {"path":"C:\\Users\\zona3\\projects\\multi-bot-2\\dist\\server\\QueueOfRequests\\classes\\QueueManager.abstract.js","all":false,"statementMap":{"0":{"start":{"line":1,"column":0},"end":{"line":1,"column":27}},"1":{"start":{"line":2,"column":0},"end":{"line":2,"column":10}},"2":{"start":{"line":3,"column":0},"end":{"line":3,"column":19}},"3":{"start":{"line":4,"column":0},"end":{"line":4,"column":31}},"4":{"start":{"line":5,"column":0},"end":{"line":5,"column":5}},"5":{"start":{"line":6,"column":0},"end":{"line":6,"column":1}}},"s":{"0":1,"1":1,"2":1,"3":1,"4":1,"5":1},"branchMap":{"0":{"type":"branch","line":1,"loc":{"start":{"line":1,"column":0},"end":{"line":6,"column":1}},"locations":[{"start":{"line":1,"column":0},"end":{"line":6,"column":1}}]},"1":{"type":"branch","line":1,"loc":{"start":{"line":1,"column":7},"end":{"line":6,"column":1}},"locations":[{"start":{"line":1,"column":7},"end":{"line":6,"column":1}}]},"2":{"type":"branch","line":3,"loc":{"start":{"line":3,"column":4},"end":{"line":5,"column":5}},"locations":[{"start":{"line":3,"column":4},"end":{"line":5,"column":5}}]}},"b":{"0":[1],"1":[1],"2":[1]},"fnMap":{"0":{"name":"<instance_members_initializer>","decl":{"start":{"line":1,"column":7},"end":{"line":6,"column":1}},"loc":{"start":{"line":1,"column":7},"end":{"line":6,"column":1}},"line":1},"1":{"name":"QueueMenager","decl":{"start":{"line":3,"column":4},"end":{"line":5,"column":5}},"loc":{"start":{"line":3,"column":4},"end":{"line":5,"column":5}},"line":3}},"f":{"0":1,"1":1}}
,"C:\\Users\\zona3\\projects\\multi-bot-2\\dist\\server\\QueueOfRequests\\controllers\\MessageRequest.controller.js": {"path":"C:\\Users\\zona3\\projects\\multi-bot-2\\dist\\server\\QueueOfRequests\\controllers\\MessageRequest.controller.js","all":false,"statementMap":{"0":{"start":{"line":1,"column":0},"end":{"line":1,"column":29}},"1":{"start":{"line":2,"column":0},"end":{"line":2,"column":14}},"2":{"start":{"line":3,"column":0},"end":{"line":3,"column":19}},"3":{"start":{"line":4,"column":0},"end":{"line":4,"column":27}},"4":{"start":{"line":5,"column":0},"end":{"line":5,"column":5}},"5":{"start":{"line":6,"column":0},"end":{"line":6,"column":39}},"6":{"start":{"line":7,"column":0},"end":{"line":7,"column":16}},"7":{"start":{"line":8,"column":0},"end":{"line":8,"column":27}},"8":{"start":{"line":9,"column":0},"end":{"line":9,"column":25}},"9":{"start":{"line":10,"column":0},"end":{"line":10,"column":65}},"10":{"start":{"line":11,"column":0},"end":{"line":11,"column":41}},"11":{"start":{"line":12,"column":0},"end":{"line":12,"column":17}},"12":{"start":{"line":13,"column":0},"end":{"line":13,"column":15}},"13":{"start":{"line":14,"column":0},"end":{"line":14,"column":39}},"14":{"start":{"line":15,"column":0},"end":{"line":15,"column":10}},"15":{"start":{"line":16,"column":0},"end":{"line":16,"column":5}},"16":{"start":{"line":17,"column":0},"end":{"line":17,"column":61}},"17":{"start":{"line":18,"column":0},"end":{"line":18,"column":146}},"18":{"start":{"line":19,"column":0},"end":{"line":19,"column":5}},"19":{"start":{"line":20,"column":0},"end":{"line":20,"column":1}}},"s":{"0":2,"1":2,"2":2,"3":2,"4":2,"5":2,"6":13,"7":13,"8":13,"9":13,"10":13,"11":13,"12":13,"13":13,"14":13,"15":13,"16":2,"17":0,"18":0,"19":2},"branchMap":{"0":{"type":"branch","line":1,"loc":{"start":{"line":1,"column":0},"end":{"line":20,"column":1}},"locations":[{"start":{"line":1,"column":0},"end":{"line":20,"column":1}}]},"1":{"type":"branch","line":1,"loc":{"start":{"line":1,"column":7},"end":{"line":20,"column":1}},"locations":[{"start":{"line":1,"column":7},"end":{"line":20,"column":1}}]},"2":{"type":"branch","line":3,"loc":{"start":{"line":3,"column":4},"end":{"line":5,"column":5}},"locations":[{"start":{"line":3,"column":4},"end":{"line":5,"column":5}}]},"3":{"type":"branch","line":6,"loc":{"start":{"line":6,"column":4},"end":{"line":16,"column":5}},"locations":[{"start":{"line":6,"column":4},"end":{"line":16,"column":5}}]},"4":{"type":"branch","line":10,"loc":{"start":{"line":10,"column":37},"end":{"line":10,"column":46}},"locations":[{"start":{"line":10,"column":37},"end":{"line":10,"column":46}}]}},"b":{"0":[2],"1":[2],"2":[2],"3":[13],"4":[0]},"fnMap":{"0":{"name":"<instance_members_initializer>","decl":{"start":{"line":1,"column":7},"end":{"line":20,"column":1}},"loc":{"start":{"line":1,"column":7},"end":{"line":20,"column":1}},"line":1},"1":{"name":"MessageRequest","decl":{"start":{"line":3,"column":4},"end":{"line":5,"column":5}},"loc":{"start":{"line":3,"column":4},"end":{"line":5,"column":5}},"line":3},"2":{"name":"createMessageRequest","decl":{"start":{"line":6,"column":4},"end":{"line":16,"column":5}},"loc":{"start":{"line":6,"column":4},"end":{"line":16,"column":5}},"line":6},"3":{"name":"editTextMessageRequest","decl":{"start":{"line":17,"column":4},"end":{"line":19,"column":5}},"loc":{"start":{"line":17,"column":4},"end":{"line":19,"column":5}},"line":17}},"f":{"0":2,"1":2,"2":13,"3":0}}
,"C:\\Users\\zona3\\projects\\multi-bot-2\\dist\\server\\QueueOfRequests\\controllers\\QueueOfRequests.controller.js": {"path":"C:\\Users\\zona3\\projects\\multi-bot-2\\dist\\server\\QueueOfRequests\\controllers\\QueueOfRequests.controller.js","all":false,"statementMap":{"0":{"start":{"line":1,"column":0},"end":{"line":1,"column":67}},"1":{"start":{"line":2,"column":0},"end":{"line":2,"column":51}},"2":{"start":{"line":3,"column":0},"end":{"line":3,"column":19}},"3":{"start":{"line":4,"column":0},"end":{"line":4,"column":16}},"4":{"start":{"line":5,"column":0},"end":{"line":5,"column":5}},"5":{"start":{"line":6,"column":0},"end":{"line":6,"column":27}},"6":{"start":{"line":7,"column":0},"end":{"line":7,"column":36}},"7":{"start":{"line":8,"column":0},"end":{"line":8,"column":5}},"8":{"start":{"line":9,"column":0},"end":{"line":9,"column":35}},"9":{"start":{"line":10,"column":0},"end":{"line":10,"column":80}},"10":{"start":{"line":11,"column":0},"end":{"line":11,"column":5}},"11":{"start":{"line":12,"column":0},"end":{"line":12,"column":38}},"12":{"start":{"line":13,"column":0},"end":{"line":13,"column":52}},"13":{"start":{"line":14,"column":0},"end":{"line":14,"column":49}},"14":{"start":{"line":15,"column":0},"end":{"line":15,"column":51}},"15":{"start":{"line":16,"column":0},"end":{"line":16,"column":19}},"16":{"start":{"line":17,"column":0},"end":{"line":17,"column":9}},"17":{"start":{"line":18,"column":0},"end":{"line":18,"column":47}},"18":{"start":{"line":19,"column":0},"end":{"line":19,"column":57}},"19":{"start":{"line":20,"column":0},"end":{"line":20,"column":66}},"20":{"start":{"line":21,"column":0},"end":{"line":21,"column":53}},"21":{"start":{"line":22,"column":0},"end":{"line":22,"column":46}},"22":{"start":{"line":23,"column":0},"end":{"line":23,"column":11}},"23":{"start":{"line":24,"column":0},"end":{"line":24,"column":5}},"24":{"start":{"line":25,"column":0},"end":{"line":25,"column":52}},"25":{"start":{"line":26,"column":0},"end":{"line":26,"column":52}},"26":{"start":{"line":27,"column":0},"end":{"line":27,"column":77}},"27":{"start":{"line":28,"column":0},"end":{"line":28,"column":65}},"28":{"start":{"line":29,"column":0},"end":{"line":29,"column":5}},"29":{"start":{"line":30,"column":0},"end":{"line":30,"column":57}},"30":{"start":{"line":31,"column":0},"end":{"line":31,"column":52}},"31":{"start":{"line":32,"column":0},"end":{"line":32,"column":23}},"32":{"start":{"line":33,"column":0},"end":{"line":33,"column":77}},"33":{"start":{"line":34,"column":0},"end":{"line":34,"column":43}},"34":{"start":{"line":35,"column":0},"end":{"line":35,"column":9}},"35":{"start":{"line":36,"column":0},"end":{"line":36,"column":5}},"36":{"start":{"line":37,"column":0},"end":{"line":37,"column":18}},"37":{"start":{"line":38,"column":0},"end":{"line":38,"column":27}},"38":{"start":{"line":39,"column":0},"end":{"line":39,"column":5}},"39":{"start":{"line":40,"column":0},"end":{"line":40,"column":1}}},"s":{"0":1,"1":1,"2":1,"3":1,"4":1,"5":1,"6":15,"7":15,"8":1,"9":2,"10":2,"11":1,"12":12,"13":12,"14":3,"15":3,"16":3,"17":12,"18":45,"19":45,"20":45,"21":45,"22":12,"23":12,"24":1,"25":0,"26":0,"27":0,"28":0,"29":1,"30":0,"31":0,"32":0,"33":0,"34":0,"35":0,"36":1,"37":3,"38":3,"39":1},"branchMap":{"0":{"type":"branch","line":1,"loc":{"start":{"line":1,"column":0},"end":{"line":40,"column":1}},"locations":[{"start":{"line":1,"column":0},"end":{"line":40,"column":1}}]},"1":{"type":"branch","line":3,"loc":{"start":{"line":3,"column":4},"end":{"line":5,"column":5}},"locations":[{"start":{"line":3,"column":4},"end":{"line":5,"column":5}}]},"2":{"type":"branch","line":6,"loc":{"start":{"line":6,"column":4},"end":{"line":8,"column":5}},"locations":[{"start":{"line":6,"column":4},"end":{"line":8,"column":5}}]},"3":{"type":"branch","line":9,"loc":{"start":{"line":9,"column":4},"end":{"line":11,"column":5}},"locations":[{"start":{"line":9,"column":4},"end":{"line":11,"column":5}}]},"4":{"type":"branch","line":10,"loc":{"start":{"line":10,"column":48},"end":{"line":10,"column":78}},"locations":[{"start":{"line":10,"column":48},"end":{"line":10,"column":78}}]},"5":{"type":"branch","line":12,"loc":{"start":{"line":12,"column":4},"end":{"line":24,"column":5}},"locations":[{"start":{"line":12,"column":4},"end":{"line":24,"column":5}}]},"6":{"type":"branch","line":14,"loc":{"start":{"line":14,"column":22},"end":{"line":14,"column":46}},"locations":[{"start":{"line":14,"column":22},"end":{"line":14,"column":46}}]},"7":{"type":"branch","line":14,"loc":{"start":{"line":14,"column":48},"end":{"line":17,"column":9}},"locations":[{"start":{"line":14,"column":48},"end":{"line":17,"column":9}}]},"8":{"type":"branch","line":18,"loc":{"start":{"line":18,"column":-1},"end":{"line":18,"column":25}},"locations":[{"start":{"line":18,"column":-1},"end":{"line":18,"column":25}}]},"9":{"type":"branch","line":18,"loc":{"start":{"line":18,"column":26},"end":{"line":23,"column":9}},"locations":[{"start":{"line":18,"column":26},"end":{"line":23,"column":9}}]},"10":{"type":"branch","line":20,"loc":{"start":{"line":20,"column":16},"end":{"line":20,"column":66}},"locations":[{"start":{"line":20,"column":16},"end":{"line":20,"column":66}}]},"11":{"type":"branch","line":22,"loc":{"start":{"line":22,"column":16},"end":{"line":22,"column":46}},"locations":[{"start":{"line":22,"column":16},"end":{"line":22,"column":46}}]},"12":{"type":"branch","line":37,"loc":{"start":{"line":37,"column":4},"end":{"line":39,"column":5}},"locations":[{"start":{"line":37,"column":4},"end":{"line":39,"column":5}}]}},"b":{"0":[1],"1":[1],"2":[15],"3":[2],"4":[2],"5":[12],"6":[9],"7":[3],"8":[9],"9":[45],"10":[0],"11":[9],"12":[3]},"fnMap":{"0":{"name":"QueueOfRequests","decl":{"start":{"line":3,"column":4},"end":{"line":5,"column":5}},"loc":{"start":{"line":3,"column":4},"end":{"line":5,"column":5}},"line":3},"1":{"name":"getAllFromQueue","decl":{"start":{"line":6,"column":4},"end":{"line":8,"column":5}},"loc":{"start":{"line":6,"column":4},"end":{"line":8,"column":5}},"line":6},"2":{"name":"getOneFromQueue","decl":{"start":{"line":9,"column":4},"end":{"line":11,"column":5}},"loc":{"start":{"line":9,"column":4},"end":{"line":11,"column":5}},"line":9},"3":{"name":"addInQueue","decl":{"start":{"line":12,"column":4},"end":{"line":24,"column":5}},"loc":{"start":{"line":12,"column":4},"end":{"line":24,"column":5}},"line":12},"4":{"name":"deleteFromQueue","decl":{"start":{"line":25,"column":4},"end":{"line":29,"column":5}},"loc":{"start":{"line":25,"column":4},"end":{"line":29,"column":5}},"line":25},"5":{"name":"deleteAllRequestFromOneUserForOneUser","decl":{"start":{"line":30,"column":4},"end":{"line":36,"column":5}},"loc":{"start":{"line":30,"column":4},"end":{"line":36,"column":5}},"line":30},"6":{"name":"clearQueue","decl":{"start":{"line":37,"column":4},"end":{"line":39,"column":5}},"loc":{"start":{"line":37,"column":4},"end":{"line":39,"column":5}},"line":37}},"f":{"0":1,"1":15,"2":2,"3":12,"4":0,"5":0,"6":3}}
,"C:\\Users\\zona3\\projects\\multi-bot-2\\hooks\\buttonsDivider.hook.js": {"path":"C:\\Users\\zona3\\projects\\multi-bot-2\\hooks\\buttonsDivider.hook.js","all":false,"statementMap":{"0":{"start":{"line":1,"column":0},"end":{"line":1,"column":43}},"1":{"start":{"line":2,"column":0},"end":{"line":2,"column":18}},"2":{"start":{"line":3,"column":0},"end":{"line":3,"column":2}},"3":{"start":{"line":4,"column":0},"end":{"line":4,"column":11}},"4":{"start":{"line":5,"column":0},"end":{"line":5,"column":0}},"5":{"start":{"line":6,"column":0},"end":{"line":6,"column":20}},"6":{"start":{"line":7,"column":0},"end":{"line":7,"column":28}},"7":{"start":{"line":8,"column":0},"end":{"line":8,"column":37}},"8":{"start":{"line":9,"column":0},"end":{"line":9,"column":10}},"9":{"start":{"line":10,"column":0},"end":{"line":10,"column":3}},"10":{"start":{"line":11,"column":0},"end":{"line":11,"column":0}},"11":{"start":{"line":12,"column":0},"end":{"line":12,"column":34}},"12":{"start":{"line":13,"column":0},"end":{"line":13,"column":52}},"13":{"start":{"line":14,"column":0},"end":{"line":14,"column":0}},"14":{"start":{"line":15,"column":0},"end":{"line":15,"column":45}},"15":{"start":{"line":16,"column":0},"end":{"line":16,"column":46}},"16":{"start":{"line":17,"column":0},"end":{"line":17,"column":4}},"17":{"start":{"line":18,"column":0},"end":{"line":18,"column":3}},"18":{"start":{"line":19,"column":0},"end":{"line":19,"column":2}},"19":{"start":{"line":20,"column":0},"end":{"line":20,"column":0}},"20":{"start":{"line":21,"column":0},"end":{"line":21,"column":14}},"21":{"start":{"line":22,"column":0},"end":{"line":22,"column":1}}},"s":{"0":1,"1":1,"2":1,"3":1,"4":1,"5":1,"6":1,"7":3,"8":3,"9":3,"10":1,"11":1,"12":0,"13":0,"14":0,"15":0,"16":0,"17":0,"18":1,"19":1,"20":1,"21":1},"branchMap":{"0":{"type":"branch","line":1,"loc":{"start":{"line":1,"column":0},"end":{"line":22,"column":1}},"locations":[{"start":{"line":1,"column":0},"end":{"line":22,"column":1}}]},"1":{"type":"branch","line":1,"loc":{"start":{"line":1,"column":7},"end":{"line":22,"column":1}},"locations":[{"start":{"line":1,"column":7},"end":{"line":22,"column":1}}]},"2":{"type":"branch","line":7,"loc":{"start":{"line":7,"column":27},"end":{"line":10,"column":3}},"locations":[{"start":{"line":7,"column":27},"end":{"line":10,"column":3}}]},"3":{"type":"branch","line":12,"loc":{"start":{"line":12,"column":33},"end":{"line":18,"column":3}},"locations":[{"start":{"line":12,"column":33},"end":{"line":18,"column":3}}]}},"b":{"0":[1],"1":[1],"2":[3],"3":[0]},"fnMap":{"0":{"name":"buttonsDividerHook","decl":{"start":{"line":1,"column":7},"end":{"line":22,"column":1}},"loc":{"start":{"line":1,"column":7},"end":{"line":22,"column":1}},"line":1}},"f":{"0":1}}
}
