TN:
SF:config\config.service.js
FN:3,<instance_members_initializer>
FN:6,ConfigService
FN:13,get
FNF:3
FNH:3
FNDA:1,<instance_members_initializer>
FNDA:1,ConfigService
FNDA:5,get
DA:1,1
DA:2,1
DA:3,1
DA:4,1
DA:5,1
DA:6,1
DA:7,1
DA:8,1
DA:9,1
DA:10,1
DA:11,1
DA:12,1
DA:13,1
DA:14,5
DA:15,5
DA:16,5
DA:17,5
DA:18,1
LF:18
LH:18
BRDA:1,0,0,1
BRDA:3,1,0,1
BRDA:6,2,0,1
BRDA:8,3,0,0
BRDA:9,4,0,0
BRDA:13,5,0,5
BRDA:15,6,0,0
BRF:7
BRH:4
end_of_record
TN:
SF:db\Database.config.js
FNF:0
FNH:0
DA:1,1
DA:2,1
DA:3,1
DA:4,1
DA:5,1
DA:6,1
DA:7,1
DA:8,1
DA:9,1
DA:10,1
DA:11,1
DA:12,1
DA:13,1
DA:14,1
DA:15,0
DA:16,0
DA:17,1
DA:18,1
DA:19,1
DA:20,1
DA:21,0
DA:22,0
DA:23,1
DA:24,1
DA:25,1
DA:26,1
DA:27,1
DA:28,1
DA:29,1
DA:30,1
DA:31,1
DA:32,1
DA:33,1
LF:33
LH:29
BRDA:1,0,0,1
BRF:1
BRH:1
end_of_record
TN:
SF:db\contollers\User.controller.js
FN:3,createUser
FN:27,getAllUsers
FN:44,checkUsernameDuplicates
FN:62,getUser
FN:80,updateTGUsername
FN:94,updateVKUsername
FN:108,deleteUser
FNF:7
FNH:7
FNDA:4,createUser
FNDA:1,getAllUsers
FNDA:5,checkUsernameDuplicates
FNDA:7,getUser
FNDA:1,updateTGUsername
FNDA:1,updateVKUsername
FNDA:4,deleteUser
DA:1,1
DA:2,1
DA:3,1
DA:4,4
DA:5,4
DA:6,4
DA:7,4
DA:8,4
DA:9,0
DA:10,0
DA:11,0
DA:12,0
DA:13,0
DA:14,0
DA:15,4
DA:16,4
DA:17,4
DA:18,4
DA:19,4
DA:20,4
DA:21,4
DA:22,4
DA:23,0
DA:24,0
DA:25,4
DA:26,1
DA:27,1
DA:28,1
DA:29,1
DA:30,0
DA:31,0
DA:32,0
DA:33,0
DA:34,0
DA:35,0
DA:36,1
DA:37,1
DA:38,1
DA:39,1
DA:40,1
DA:41,1
DA:42,1
DA:43,1
DA:44,1
DA:45,5
DA:46,5
DA:47,5
DA:48,5
DA:49,5
DA:50,5
DA:51,5
DA:52,5
DA:53,0
DA:54,0
DA:55,0
DA:56,0
DA:57,0
DA:58,5
DA:59,5
DA:60,5
DA:61,1
DA:62,1
DA:63,7
DA:64,7
DA:65,0
DA:66,0
DA:67,0
DA:68,0
DA:69,0
DA:70,0
DA:71,7
DA:72,7
DA:73,7
DA:74,7
DA:75,7
DA:76,7
DA:77,7
DA:78,7
DA:79,1
DA:80,1
DA:81,1
DA:82,1
DA:83,0
DA:84,0
DA:85,0
DA:86,0
DA:87,0
DA:88,0
DA:89,1
DA:90,1
DA:91,1
DA:92,1
DA:93,1
DA:94,1
DA:95,1
DA:96,1
DA:97,0
DA:98,0
DA:99,0
DA:100,0
DA:101,0
DA:102,0
DA:103,1
DA:104,1
DA:105,1
DA:106,1
DA:107,1
DA:108,1
DA:109,4
DA:110,4
DA:111,0
DA:112,0
DA:113,0
DA:114,0
DA:115,0
DA:116,0
DA:117,4
DA:118,4
DA:119,4
DA:120,4
LF:120
LH:77
BRDA:1,0,0,1
BRDA:3,1,0,4
BRDA:4,2,0,0
BRDA:7,3,0,0
BRDA:7,4,0,3
BRDA:22,5,0,0
BRDA:27,6,0,1
BRDA:44,7,0,5
BRDA:52,8,0,0
BRDA:62,9,0,7
BRDA:75,10,0,5
BRDA:75,11,0,2
BRDA:76,12,0,5
BRDA:76,13,0,2
BRDA:80,14,0,1
BRDA:94,15,0,1
BRDA:108,16,0,4
BRF:17
BRH:13
end_of_record
