TN:
SF:dist\config\configService.class.js
FN:2,<instance_members_initializer>
FN:4,ConfigService
FN:13,get
FNF:3
FNH:3
FNDA:2,<instance_members_initializer>
FNDA:2,ConfigService
FNDA:10,get
DA:1,2
DA:2,2
DA:3,2
DA:4,2
DA:5,2
DA:6,2
DA:7,2
DA:8,2
DA:9,2
DA:10,2
DA:11,2
DA:12,2
DA:13,2
DA:14,10
DA:15,10
DA:16,10
DA:17,10
DA:18,10
DA:19,10
DA:20,2
LF:20
LH:20
BRDA:1,0,0,2
BRDA:2,1,0,2
BRDA:4,2,0,2
BRDA:7,3,0,0
BRDA:9,4,0,0
BRDA:13,5,0,10
BRDA:16,6,0,0
BRF:7
BRH:4
end_of_record
TN:
SF:dist\db\Database.config.js
FNF:0
FNH:0
DA:1,2
DA:2,2
DA:3,2
DA:4,2
DA:5,2
DA:6,2
DA:7,2
DA:8,2
DA:9,2
DA:10,2
DA:11,2
DA:12,2
DA:13,0
DA:14,0
DA:15,2
DA:16,2
DA:17,2
DA:18,0
DA:19,0
DA:20,2
DA:21,2
DA:22,2
DA:23,2
DA:24,2
DA:25,2
LF:25
LH:21
BRDA:1,0,0,2
BRF:1
BRH:1
end_of_record
TN:
SF:dist\db\contollers\SavedPeople.controller.js
FN:2,addSavedPeople
FN:18,deleteSavedPeople
FN:32,getSavedPeopleByOwnerID
FN:47,getSavedPeopleByID
FN:62,checkDuplicateSavedPeople
FNF:5
FNH:5
FNDA:2,addSavedPeople
FNDA:1,deleteSavedPeople
FNDA:2,getSavedPeopleByOwnerID
FNDA:1,getSavedPeopleByID
FNDA:1,checkDuplicateSavedPeople
DA:1,1
DA:2,1
DA:3,2
DA:4,2
DA:5,2
DA:6,0
DA:7,0
DA:8,0
DA:9,0
DA:10,0
DA:11,2
DA:12,2
DA:13,2
DA:14,2
DA:15,2
DA:16,2
DA:17,2
DA:18,1
DA:19,1
DA:20,1
DA:21,0
DA:22,0
DA:23,0
DA:24,0
DA:25,0
DA:26,1
DA:27,1
DA:28,1
DA:29,1
DA:30,1
DA:31,1
DA:32,1
DA:33,2
DA:34,2
DA:35,0
DA:36,0
DA:37,0
DA:38,0
DA:39,0
DA:40,2
DA:41,2
DA:42,2
DA:43,2
DA:44,2
DA:45,2
DA:46,2
DA:47,1
DA:48,1
DA:49,1
DA:50,0
DA:51,0
DA:52,0
DA:53,0
DA:54,0
DA:55,1
DA:56,1
DA:57,1
DA:58,1
DA:59,1
DA:60,1
DA:61,1
DA:62,1
DA:63,1
DA:64,1
DA:65,1
DA:66,2
DA:67,2
DA:68,1
DA:69,1
DA:70,1
LF:70
LH:50
BRDA:1,0,0,1
BRDA:2,1,0,2
BRDA:18,2,0,1
BRDA:32,3,0,2
BRDA:43,4,0,0
BRDA:44,5,0,0
BRDA:47,6,0,1
BRDA:58,7,0,0
BRDA:59,8,0,0
BRDA:62,9,0,1
BRDA:65,10,0,2
BRF:11
BRH:7
end_of_record
TN:
SF:dist\db\contollers\User.controller.js
FN:2,createUser
FN:16,getAllUsers
FN:30,getUserByID
FN:45,getUserByUsername
FN:60,updateTGUsername
FN:71,updateVKUsername
FN:82,deleteUser
FNF:7
FNH:7
FNDA:2,createUser
FNDA:1,getAllUsers
FNDA:2,getUserByID
FNDA:1,getUserByUsername
FNDA:1,updateTGUsername
FNDA:1,updateVKUsername
FNDA:2,deleteUser
DA:1,2
DA:2,2
DA:3,2
DA:4,2
DA:5,0
DA:6,0
DA:7,0
DA:8,0
DA:9,0
DA:10,2
DA:11,2
DA:12,2
DA:13,2
DA:14,2
DA:15,2
DA:16,2
DA:17,1
DA:18,1
DA:19,0
DA:20,0
DA:21,0
DA:22,0
DA:23,0
DA:24,1
DA:25,1
DA:26,1
DA:27,1
DA:28,1
DA:29,1
DA:30,2
DA:31,2
DA:32,2
DA:33,0
DA:34,0
DA:35,0
DA:36,0
DA:37,0
DA:38,2
DA:39,2
DA:40,2
DA:41,2
DA:42,2
DA:43,2
DA:44,2
DA:45,2
DA:46,1
DA:47,1
DA:48,0
DA:49,0
DA:50,0
DA:51,0
DA:52,0
DA:53,1
DA:54,1
DA:55,1
DA:56,1
DA:57,1
DA:58,1
DA:59,1
DA:60,2
DA:61,1
DA:62,1
DA:63,0
DA:64,0
DA:65,0
DA:66,0
DA:67,0
DA:68,1
DA:69,1
DA:70,1
DA:71,2
DA:72,1
DA:73,1
DA:74,0
DA:75,0
DA:76,0
DA:77,0
DA:78,0
DA:79,1
DA:80,1
DA:81,1
DA:82,2
DA:83,2
DA:84,2
DA:85,0
DA:86,0
DA:87,0
DA:88,0
DA:89,0
DA:90,2
DA:91,2
DA:92,2
LF:92
LH:57
BRDA:1,0,0,2
BRDA:2,1,0,2
BRDA:16,2,0,1
BRDA:30,3,0,2
BRDA:41,4,0,0
BRDA:42,5,0,0
BRDA:45,6,0,1
BRDA:56,7,0,0
BRDA:57,8,0,0
BRDA:60,9,0,1
BRDA:71,10,0,1
BRDA:82,11,0,2
BRF:12
BRH:8
end_of_record
TN:
SF:dist\server\QueueOfRequests\classes\QueueManager.abstract.js
FN:1,<instance_members_initializer>
FN:3,QueueMenager
FNF:2
FNH:2
FNDA:1,<instance_members_initializer>
FNDA:1,QueueMenager
DA:1,1
DA:2,1
DA:3,1
DA:4,1
DA:5,1
DA:6,1
LF:6
LH:6
BRDA:1,0,0,1
BRDA:1,1,0,1
BRDA:3,2,0,1
BRF:3
BRH:3
end_of_record
TN:
SF:dist\server\QueueOfRequests\controllers\MessageRequest.controller.js
FN:1,<instance_members_initializer>
FN:3,MessageRequest
FN:6,createMessageRequest
FN:17,editTextMessageRequest
FNF:4
FNH:3
FNDA:2,<instance_members_initializer>
FNDA:2,MessageRequest
FNDA:13,createMessageRequest
FNDA:0,editTextMessageRequest
DA:1,2
DA:2,2
DA:3,2
DA:4,2
DA:5,2
DA:6,2
DA:7,13
DA:8,13
DA:9,13
DA:10,13
DA:11,13
DA:12,13
DA:13,13
DA:14,13
DA:15,13
DA:16,13
DA:17,2
DA:18,0
DA:19,0
DA:20,2
LF:20
LH:18
BRDA:1,0,0,2
BRDA:1,1,0,2
BRDA:3,2,0,2
BRDA:6,3,0,13
BRDA:10,4,0,0
BRF:5
BRH:4
end_of_record
TN:
SF:dist\server\QueueOfRequests\controllers\QueueOfRequests.controller.js
FN:3,QueueOfRequests
FN:6,getAllFromQueue
FN:9,getOneFromQueue
FN:12,addInQueue
FN:25,deleteFromQueue
FN:30,deleteAllRequestFromOneUserForOneUser
FN:37,clearQueue
FNF:7
FNH:5
FNDA:1,QueueOfRequests
FNDA:15,getAllFromQueue
FNDA:2,getOneFromQueue
FNDA:12,addInQueue
FNDA:0,deleteFromQueue
FNDA:0,deleteAllRequestFromOneUserForOneUser
FNDA:3,clearQueue
DA:1,1
DA:2,1
DA:3,1
DA:4,1
DA:5,1
DA:6,1
DA:7,15
DA:8,15
DA:9,1
DA:10,2
DA:11,2
DA:12,1
DA:13,12
DA:14,12
DA:15,3
DA:16,3
DA:17,3
DA:18,12
DA:19,45
DA:20,45
DA:21,45
DA:22,45
DA:23,12
DA:24,12
DA:25,1
DA:26,0
DA:27,0
DA:28,0
DA:29,0
DA:30,1
DA:31,0
DA:32,0
DA:33,0
DA:34,0
DA:35,0
DA:36,0
DA:37,1
DA:38,3
DA:39,3
DA:40,1
LF:40
LH:30
BRDA:1,0,0,1
BRDA:3,1,0,1
BRDA:6,2,0,15
BRDA:9,3,0,2
BRDA:10,4,0,2
BRDA:12,5,0,12
BRDA:14,6,0,9
BRDA:14,7,0,3
BRDA:18,8,0,9
BRDA:18,9,0,45
BRDA:20,10,0,0
BRDA:22,11,0,9
BRDA:37,12,0,3
BRF:13
BRH:12
end_of_record
TN:
SF:hooks\buttonsDivider.hook.js
FN:1,buttonsDividerHook
FNF:1
FNH:1
FNDA:1,buttonsDividerHook
DA:1,1
DA:2,1
DA:3,1
DA:4,1
DA:5,1
DA:6,1
DA:7,1
DA:8,3
DA:9,3
DA:10,3
DA:11,1
DA:12,1
DA:13,0
DA:14,0
DA:15,0
DA:16,0
DA:17,0
DA:18,0
DA:19,1
DA:20,1
DA:21,1
DA:22,1
LF:22
LH:16
BRDA:1,0,0,1
BRDA:1,1,0,1
BRDA:7,2,0,3
BRDA:12,3,0,0
BRF:4
BRH:3
end_of_record
